2024-03-06 20:39:44 - PHP Unknown:  Using the "Twig_Loader_Array" class is deprecated since Twig version 2.7, use "Twig\Loader\ArrayLoader" instead. in C:\OSPanel\domains\917\system\storage\vendor\twig\twig\lib\Twig\Loader\Array.php on line 7
2024-03-06 20:39:44 - PHP Unknown:  Using the "Twig_Loader_Filesystem" class is deprecated since Twig version 2.7, use "Twig\Loader\FilesystemLoader" instead. in C:\OSPanel\domains\917\system\storage\vendor\twig\twig\lib\Twig\Loader\Filesystem.php on line 7
2024-03-06 20:39:44 - PHP Unknown:  realpath(): Passing null to parameter #1 ($path) of type string is deprecated in C:\OSPanel\domains\917\system\storage\vendor\twig\twig\src\Loader\FilesystemLoader.php on line 40
2024-03-06 20:39:44 - PHP Unknown:  Using the "Twig_Loader_Chain" class is deprecated since Twig version 2.7, use "Twig\Loader\ChainLoader" instead. in C:\OSPanel\domains\917\system\storage\vendor\twig\twig\lib\Twig\Loader\Chain.php on line 7
2024-03-06 20:39:44 - PHP Unknown:  Return type of Twig\Node\Node::count() should either be compatible with Countable::count(): int, or the #[\ReturnTypeWillChange] attribute should be used to temporarily suppress the notice in C:\OSPanel\domains\917\system\storage\vendor\twig\twig\src\Node\Node.php on line 161
2024-03-06 20:39:44 - PHP Unknown:  Return type of Twig\Node\Node::getIterator() should either be compatible with IteratorAggregate::getIterator(): Traversable, or the #[\ReturnTypeWillChange] attribute should be used to temporarily suppress the notice in C:\OSPanel\domains\917\system\storage\vendor\twig\twig\src\Node\Node.php on line 166
2024-03-06 20:39:44 - PHP Unknown:  realpath(): Passing null to parameter #1 ($path) of type string is deprecated in C:\OSPanel\domains\917\system\storage\vendor\twig\twig\src\Loader\FilesystemLoader.php on line 40
2024-03-06 20:39:44 - PHP Unknown:  realpath(): Passing null to parameter #1 ($path) of type string is deprecated in C:\OSPanel\domains\917\system\storage\vendor\twig\twig\src\Loader\FilesystemLoader.php on line 40
2024-03-06 20:39:44 - PHP Unknown:  realpath(): Passing null to parameter #1 ($path) of type string is deprecated in C:\OSPanel\domains\917\system\storage\vendor\twig\twig\src\Loader\FilesystemLoader.php on line 40
2024-03-06 20:40:13 - PHP Unknown:  Using the "Twig_Loader_Array" class is deprecated since Twig version 2.7, use "Twig\Loader\ArrayLoader" instead. in C:\OSPanel\domains\917\system\storage\vendor\twig\twig\lib\Twig\Loader\Array.php on line 7
2024-03-06 20:40:13 - PHP Unknown:  Using the "Twig_Loader_Filesystem" class is deprecated since Twig version 2.7, use "Twig\Loader\FilesystemLoader" instead. in C:\OSPanel\domains\917\system\storage\vendor\twig\twig\lib\Twig\Loader\Filesystem.php on line 7
2024-03-06 20:40:13 - PHP Unknown:  realpath(): Passing null to parameter #1 ($path) of type string is deprecated in C:\OSPanel\domains\917\system\storage\vendor\twig\twig\src\Loader\FilesystemLoader.php on line 40
2024-03-06 20:40:13 - PHP Unknown:  Using the "Twig_Loader_Chain" class is deprecated since Twig version 2.7, use "Twig\Loader\ChainLoader" instead. in C:\OSPanel\domains\917\system\storage\vendor\twig\twig\lib\Twig\Loader\Chain.php on line 7
2024-03-06 20:40:13 - PHP Unknown:  realpath(): Passing null to parameter #1 ($path) of type string is deprecated in C:\OSPanel\domains\917\system\storage\vendor\twig\twig\src\Loader\FilesystemLoader.php on line 40
2024-03-06 20:40:13 - PHP Unknown:  realpath(): Passing null to parameter #1 ($path) of type string is deprecated in C:\OSPanel\domains\917\system\storage\vendor\twig\twig\src\Loader\FilesystemLoader.php on line 40
2024-03-06 20:40:13 - PHP Unknown:  realpath(): Passing null to parameter #1 ($path) of type string is deprecated in C:\OSPanel\domains\917\system\storage\vendor\twig\twig\src\Loader\FilesystemLoader.php on line 40
2024-03-06 20:40:13 - PHP Unknown:  Return type of Twig\Node\Node::count() should either be compatible with Countable::count(): int, or the #[\ReturnTypeWillChange] attribute should be used to temporarily suppress the notice in C:\OSPanel\domains\917\system\storage\vendor\twig\twig\src\Node\Node.php on line 161
2024-03-06 20:40:13 - PHP Unknown:  Return type of Twig\Node\Node::getIterator() should either be compatible with IteratorAggregate::getIterator(): Traversable, or the #[\ReturnTypeWillChange] attribute should be used to temporarily suppress the notice in C:\OSPanel\domains\917\system\storage\vendor\twig\twig\src\Node\Node.php on line 166
2024-03-06 20:40:31 - PHP Unknown:  Using the "Twig_Loader_Array" class is deprecated since Twig version 2.7, use "Twig\Loader\ArrayLoader" instead. in C:\OSPanel\domains\917\system\storage\vendor\twig\twig\lib\Twig\Loader\Array.php on line 7
2024-03-06 20:40:31 - PHP Unknown:  Using the "Twig_Loader_Filesystem" class is deprecated since Twig version 2.7, use "Twig\Loader\FilesystemLoader" instead. in C:\OSPanel\domains\917\system\storage\vendor\twig\twig\lib\Twig\Loader\Filesystem.php on line 7
2024-03-06 20:40:31 - PHP Unknown:  realpath(): Passing null to parameter #1 ($path) of type string is deprecated in C:\OSPanel\domains\917\system\storage\vendor\twig\twig\src\Loader\FilesystemLoader.php on line 40
2024-03-06 20:40:31 - PHP Unknown:  Using the "Twig_Loader_Chain" class is deprecated since Twig version 2.7, use "Twig\Loader\ChainLoader" instead. in C:\OSPanel\domains\917\system\storage\vendor\twig\twig\lib\Twig\Loader\Chain.php on line 7
2024-03-06 20:40:31 - PHP Unknown:  realpath(): Passing null to parameter #1 ($path) of type string is deprecated in C:\OSPanel\domains\917\system\storage\vendor\twig\twig\src\Loader\FilesystemLoader.php on line 40
2024-03-06 20:40:31 - PHP Unknown:  realpath(): Passing null to parameter #1 ($path) of type string is deprecated in C:\OSPanel\domains\917\system\storage\vendor\twig\twig\src\Loader\FilesystemLoader.php on line 40
2024-03-06 20:40:31 - PHP Unknown:  realpath(): Passing null to parameter #1 ($path) of type string is deprecated in C:\OSPanel\domains\917\system\storage\vendor\twig\twig\src\Loader\FilesystemLoader.php on line 40
2024-03-06 20:40:31 - PHP Unknown:  Return type of Twig\Node\Node::count() should either be compatible with Countable::count(): int, or the #[\ReturnTypeWillChange] attribute should be used to temporarily suppress the notice in C:\OSPanel\domains\917\system\storage\vendor\twig\twig\src\Node\Node.php on line 161
2024-03-06 20:40:31 - PHP Unknown:  Return type of Twig\Node\Node::getIterator() should either be compatible with IteratorAggregate::getIterator(): Traversable, or the #[\ReturnTypeWillChange] attribute should be used to temporarily suppress the notice in C:\OSPanel\domains\917\system\storage\vendor\twig\twig\src\Node\Node.php on line 166
2024-03-06 20:41:28 - PHP Unknown:  Using the "Twig_Loader_Array" class is deprecated since Twig version 2.7, use "Twig\Loader\ArrayLoader" instead. in C:\OSPanel\domains\917\system\storage\vendor\twig\twig\lib\Twig\Loader\Array.php on line 7
2024-03-06 20:41:28 - PHP Unknown:  Using the "Twig_Loader_Filesystem" class is deprecated since Twig version 2.7, use "Twig\Loader\FilesystemLoader" instead. in C:\OSPanel\domains\917\system\storage\vendor\twig\twig\lib\Twig\Loader\Filesystem.php on line 7
2024-03-06 20:41:28 - PHP Unknown:  realpath(): Passing null to parameter #1 ($path) of type string is deprecated in C:\OSPanel\domains\917\system\storage\vendor\twig\twig\src\Loader\FilesystemLoader.php on line 40
2024-03-06 20:41:28 - PHP Unknown:  Using the "Twig_Loader_Chain" class is deprecated since Twig version 2.7, use "Twig\Loader\ChainLoader" instead. in C:\OSPanel\domains\917\system\storage\vendor\twig\twig\lib\Twig\Loader\Chain.php on line 7
2024-03-06 20:41:28 - PHP Unknown:  realpath(): Passing null to parameter #1 ($path) of type string is deprecated in C:\OSPanel\domains\917\system\storage\vendor\twig\twig\src\Loader\FilesystemLoader.php on line 40
2024-03-06 20:41:28 - PHP Unknown:  realpath(): Passing null to parameter #1 ($path) of type string is deprecated in C:\OSPanel\domains\917\system\storage\vendor\twig\twig\src\Loader\FilesystemLoader.php on line 40
2024-03-06 20:41:28 - PHP Unknown:  realpath(): Passing null to parameter #1 ($path) of type string is deprecated in C:\OSPanel\domains\917\system\storage\vendor\twig\twig\src\Loader\FilesystemLoader.php on line 40
2024-03-06 20:42:00 - PHP Unknown:  Using the "Twig_Loader_Array" class is deprecated since Twig version 2.7, use "Twig\Loader\ArrayLoader" instead. in C:\OSPanel\domains\917\system\storage\vendor\twig\twig\lib\Twig\Loader\Array.php on line 7
2024-03-06 20:42:00 - PHP Unknown:  Using the "Twig_Loader_Filesystem" class is deprecated since Twig version 2.7, use "Twig\Loader\FilesystemLoader" instead. in C:\OSPanel\domains\917\system\storage\vendor\twig\twig\lib\Twig\Loader\Filesystem.php on line 7
2024-03-06 20:42:00 - PHP Unknown:  realpath(): Passing null to parameter #1 ($path) of type string is deprecated in C:\OSPanel\domains\917\system\storage\vendor\twig\twig\src\Loader\FilesystemLoader.php on line 40
2024-03-06 20:42:00 - PHP Unknown:  Using the "Twig_Loader_Chain" class is deprecated since Twig version 2.7, use "Twig\Loader\ChainLoader" instead. in C:\OSPanel\domains\917\system\storage\vendor\twig\twig\lib\Twig\Loader\Chain.php on line 7
2024-03-06 20:42:00 - PHP Unknown:  realpath(): Passing null to parameter #1 ($path) of type string is deprecated in C:\OSPanel\domains\917\system\storage\vendor\twig\twig\src\Loader\FilesystemLoader.php on line 40
2024-03-06 20:42:00 - PHP Unknown:  realpath(): Passing null to parameter #1 ($path) of type string is deprecated in C:\OSPanel\domains\917\system\storage\vendor\twig\twig\src\Loader\FilesystemLoader.php on line 40
2024-03-06 20:42:00 - PHP Unknown:  Return type of Twig\Node\Node::count() should either be compatible with Countable::count(): int, or the #[\ReturnTypeWillChange] attribute should be used to temporarily suppress the notice in C:\OSPanel\domains\917\system\storage\vendor\twig\twig\src\Node\Node.php on line 161
2024-03-06 20:42:00 - PHP Unknown:  Return type of Twig\Node\Node::getIterator() should either be compatible with IteratorAggregate::getIterator(): Traversable, or the #[\ReturnTypeWillChange] attribute should be used to temporarily suppress the notice in C:\OSPanel\domains\917\system\storage\vendor\twig\twig\src\Node\Node.php on line 166
2024-03-06 20:44:03 - PHP Unknown:  Using the "Twig_Loader_Array" class is deprecated since Twig version 2.7, use "Twig\Loader\ArrayLoader" instead. in C:\OSPanel\domains\917\system\storage\vendor\twig\twig\lib\Twig\Loader\Array.php on line 7
2024-03-06 20:44:03 - PHP Unknown:  Using the "Twig_Loader_Filesystem" class is deprecated since Twig version 2.7, use "Twig\Loader\FilesystemLoader" instead. in C:\OSPanel\domains\917\system\storage\vendor\twig\twig\lib\Twig\Loader\Filesystem.php on line 7
2024-03-06 20:44:03 - PHP Unknown:  realpath(): Passing null to parameter #1 ($path) of type string is deprecated in C:\OSPanel\domains\917\system\storage\vendor\twig\twig\src\Loader\FilesystemLoader.php on line 40
2024-03-06 20:44:03 - PHP Unknown:  Using the "Twig_Loader_Chain" class is deprecated since Twig version 2.7, use "Twig\Loader\ChainLoader" instead. in C:\OSPanel\domains\917\system\storage\vendor\twig\twig\lib\Twig\Loader\Chain.php on line 7
2024-03-06 20:44:03 - PHP Unknown:  Return type of Twig\Node\Node::count() should either be compatible with Countable::count(): int, or the #[\ReturnTypeWillChange] attribute should be used to temporarily suppress the notice in C:\OSPanel\domains\917\system\storage\vendor\twig\twig\src\Node\Node.php on line 161
2024-03-06 20:44:03 - PHP Unknown:  Return type of Twig\Node\Node::getIterator() should either be compatible with IteratorAggregate::getIterator(): Traversable, or the #[\ReturnTypeWillChange] attribute should be used to temporarily suppress the notice in C:\OSPanel\domains\917\system\storage\vendor\twig\twig\src\Node\Node.php on line 166
2024-03-06 20:44:03 - PHP Unknown:  realpath(): Passing null to parameter #1 ($path) of type string is deprecated in C:\OSPanel\domains\917\system\storage\vendor\twig\twig\src\Loader\FilesystemLoader.php on line 40
2024-03-06 20:44:03 - PHP Unknown:  realpath(): Passing null to parameter #1 ($path) of type string is deprecated in C:\OSPanel\domains\917\system\storage\vendor\twig\twig\src\Loader\FilesystemLoader.php on line 40
2024-03-06 20:44:12 - PHP Unknown:  Automatic conversion of false to array is deprecated in C:\OSPanel\domains\917\system\library\cart\user.php on line 43
2024-03-06 20:44:14 - PHP Unknown:  Using the "Twig_Loader_Array" class is deprecated since Twig version 2.7, use "Twig\Loader\ArrayLoader" instead. in C:\OSPanel\domains\917\system\storage\vendor\twig\twig\lib\Twig\Loader\Array.php on line 7
2024-03-06 20:44:14 - PHP Unknown:  Using the "Twig_Loader_Filesystem" class is deprecated since Twig version 2.7, use "Twig\Loader\FilesystemLoader" instead. in C:\OSPanel\domains\917\system\storage\vendor\twig\twig\lib\Twig\Loader\Filesystem.php on line 7
2024-03-06 20:44:14 - PHP Unknown:  realpath(): Passing null to parameter #1 ($path) of type string is deprecated in C:\OSPanel\domains\917\system\storage\vendor\twig\twig\src\Loader\FilesystemLoader.php on line 40
2024-03-06 20:44:14 - PHP Unknown:  Using the "Twig_Loader_Chain" class is deprecated since Twig version 2.7, use "Twig\Loader\ChainLoader" instead. in C:\OSPanel\domains\917\system\storage\vendor\twig\twig\lib\Twig\Loader\Chain.php on line 7
2024-03-06 20:44:14 - PHP Unknown:  Return type of Twig\Node\Node::count() should either be compatible with Countable::count(): int, or the #[\ReturnTypeWillChange] attribute should be used to temporarily suppress the notice in C:\OSPanel\domains\917\system\storage\vendor\twig\twig\src\Node\Node.php on line 161
2024-03-06 20:44:14 - PHP Unknown:  Return type of Twig\Node\Node::getIterator() should either be compatible with IteratorAggregate::getIterator(): Traversable, or the #[\ReturnTypeWillChange] attribute should be used to temporarily suppress the notice in C:\OSPanel\domains\917\system\storage\vendor\twig\twig\src\Node\Node.php on line 166
2024-03-06 20:44:14 - PHP Unknown:  realpath(): Passing null to parameter #1 ($path) of type string is deprecated in C:\OSPanel\domains\917\system\storage\vendor\twig\twig\src\Loader\FilesystemLoader.php on line 40
2024-03-06 20:44:14 - PHP Unknown:  realpath(): Passing null to parameter #1 ($path) of type string is deprecated in C:\OSPanel\domains\917\system\storage\vendor\twig\twig\src\Loader\FilesystemLoader.php on line 40
2024-03-06 20:44:14 - PHP Warning:  Trying to access array offset on value of type null in C:\OSPanel\domains\917\admin\controller\extension\dashboard\domovoy.php on line 206
2024-03-06 20:44:14 - PHP Unknown:  strtotime(): Passing null to parameter #1 ($datetime) of type string is deprecated in C:\OSPanel\domains\917\admin\controller\extension\dashboard\domovoy.php on line 452
2024-03-06 20:44:14 - PHP Warning:  Trying to access array offset on value of type null in C:\OSPanel\domains\917\admin\controller\extension\dashboard\domovoy.php on line 206
2024-03-06 20:44:14 - PHP Unknown:  strtotime(): Passing null to parameter #1 ($datetime) of type string is deprecated in C:\OSPanel\domains\917\admin\controller\extension\dashboard\domovoy.php on line 452
2024-03-06 20:44:14 - PHP Unknown:  realpath(): Passing null to parameter #1 ($path) of type string is deprecated in C:\OSPanel\domains\917\system\storage\vendor\twig\twig\src\Loader\FilesystemLoader.php on line 40
2024-03-06 20:44:14 - PHP Unknown:  realpath(): Passing null to parameter #1 ($path) of type string is deprecated in C:\OSPanel\domains\917\system\storage\vendor\twig\twig\src\Loader\FilesystemLoader.php on line 40
2024-03-06 20:44:14 - PHP Unknown:  realpath(): Passing null to parameter #1 ($path) of type string is deprecated in C:\OSPanel\domains\917\system\storage\vendor\twig\twig\src\Loader\FilesystemLoader.php on line 40
2024-03-06 20:44:14 - PHP Unknown:  realpath(): Passing null to parameter #1 ($path) of type string is deprecated in C:\OSPanel\domains\917\system\storage\vendor\twig\twig\src\Loader\FilesystemLoader.php on line 40
2024-03-06 20:44:14 - PHP Unknown:  realpath(): Passing null to parameter #1 ($path) of type string is deprecated in C:\OSPanel\domains\917\system\storage\vendor\twig\twig\src\Loader\FilesystemLoader.php on line 40
2024-03-06 20:44:14 - PHP Unknown:  round(): Passing null to parameter #1 ($num) of type int|float is deprecated in C:\OSPanel\domains\917\admin\controller\extension\dashboard\sale.php on line 116
2024-03-06 20:44:14 - PHP Unknown:  realpath(): Passing null to parameter #1 ($path) of type string is deprecated in C:\OSPanel\domains\917\system\storage\vendor\twig\twig\src\Loader\FilesystemLoader.php on line 40
2024-03-06 20:44:14 - PHP Unknown:  realpath(): Passing null to parameter #1 ($path) of type string is deprecated in C:\OSPanel\domains\917\system\storage\vendor\twig\twig\src\Loader\FilesystemLoader.php on line 40
2024-03-06 20:44:14 - PHP Unknown:  realpath(): Passing null to parameter #1 ($path) of type string is deprecated in C:\OSPanel\domains\917\system\storage\vendor\twig\twig\src\Loader\FilesystemLoader.php on line 40
2024-03-06 20:44:14 - PHP Unknown:  realpath(): Passing null to parameter #1 ($path) of type string is deprecated in C:\OSPanel\domains\917\system\storage\vendor\twig\twig\src\Loader\FilesystemLoader.php on line 40
2024-03-06 20:44:14 - PHP Unknown:  realpath(): Passing null to parameter #1 ($path) of type string is deprecated in C:\OSPanel\domains\917\system\storage\vendor\twig\twig\src\Loader\FilesystemLoader.php on line 40
2024-03-06 20:44:14 - PHP Unknown:  realpath(): Passing null to parameter #1 ($path) of type string is deprecated in C:\OSPanel\domains\917\system\storage\vendor\twig\twig\src\Loader\FilesystemLoader.php on line 40
2024-03-06 20:44:14 - PHP Unknown:  realpath(): Passing null to parameter #1 ($path) of type string is deprecated in C:\OSPanel\domains\917\system\storage\vendor\twig\twig\src\Loader\FilesystemLoader.php on line 40
